<?xml version="1.0" encoding="UTF-8"?>
<!-- Generated by org.testng.reporters.JUnitXMLReporter -->
<testsuite ignored="9" hostname="DESKTOP-LTPA207" failures="1" tests="2" name="Default test" time="79.622" errors="0" timestamp="2025-09-12T17:49:33 PKT">
  <testcase classname="com.automation.tests.LoginTests" name="NegativeTest_LoginWithWrongCredential" time="26.457"/>
  <testcase classname="com.automation.tests.LoginTests" name="NegativeTest_LoginWithWrongCredential" time="35.541">
    <failure type="org.openqa.selenium.TimeoutException" message="Expected condition failed: waiting for visibility of element located by By.xpath: //android.widget.Button[@content-desc=&amp;quot;Log In&amp;quot;] (tried for 15 second(s) with 500 milliseconds interval)
Build info: version: &amp;apos;4.13.0&amp;apos;, revision: &amp;apos;ba948ece5b*&amp;apos;
System info: os.name: &amp;apos;Windows 10&amp;apos;, os.arch: &amp;apos;amd64&amp;apos;, os.version: &amp;apos;10.0&amp;apos;, java.version: &amp;apos;17.0.12&amp;apos;
Driver info: io.appium.java_client.android.AndroidDriver
Capabilities {appium:appActivity: com.dignitestudios.drop_in...., appium:appPackage: com.dignitestudios.drop_in, appium:automationName: UiAutomator2, appium:databaseEnabled: false, appium:desired: {appActivity: com.dignitestudios.drop_in...., appPackage: com.dignitestudios.drop_in, automationName: UiAutomator2, deviceName: emulator-5554, noReset: true, platformName: ANDROID}, appium:deviceApiLevel: 34, appium:deviceManufacturer: realme, appium:deviceModel: RMX3834, appium:deviceName: 192.168.10.208:5555, appium:deviceScreenDensity: 320, appium:deviceScreenSize: 720x1600, appium:deviceUDID: 192.168.10.208:5555, appium:javascriptEnabled: true, appium:locationContextEnabled: false, appium:networkConnectionEnabled: true, appium:noReset: true, appium:pixelRatio: 2, appium:platformVersion: 14, appium:statBarHeight: 64, appium:takesScreenshot: true, appium:viewportRect: {height: 1536, left: 0, top: 64, width: 720}, appium:warnings: {}, appium:webStorageEnabled: false, platformName: ANDROID}
Session ID: b0111b6b-a047-4197-bfd0-748f2034f38f">
      <![CDATA[org.openqa.selenium.TimeoutException: Expected condition failed: waiting for visibility of element located by By.xpath: //android.widget.Button[@content-desc="Log In"] (tried for 15 second(s) with 500 milliseconds interval)
Build info: version: '4.13.0', revision: 'ba948ece5b*'
System info: os.name: 'Windows 10', os.arch: 'amd64', os.version: '10.0', java.version: '17.0.12'
Driver info: io.appium.java_client.android.AndroidDriver
Capabilities {appium:appActivity: com.dignitestudios.drop_in...., appium:appPackage: com.dignitestudios.drop_in, appium:automationName: UiAutomator2, appium:databaseEnabled: false, appium:desired: {appActivity: com.dignitestudios.drop_in...., appPackage: com.dignitestudios.drop_in, automationName: UiAutomator2, deviceName: emulator-5554, noReset: true, platformName: ANDROID}, appium:deviceApiLevel: 34, appium:deviceManufacturer: realme, appium:deviceModel: RMX3834, appium:deviceName: 192.168.10.208:5555, appium:deviceScreenDensity: 320, appium:deviceScreenSize: 720x1600, appium:deviceUDID: 192.168.10.208:5555, appium:javascriptEnabled: true, appium:locationContextEnabled: false, appium:networkConnectionEnabled: true, appium:noReset: true, appium:pixelRatio: 2, appium:platformVersion: 14, appium:statBarHeight: 64, appium:takesScreenshot: true, appium:viewportRect: {height: 1536, left: 0, top: 64, width: 720}, appium:warnings: {}, appium:webStorageEnabled: false, platformName: ANDROID}
Session ID: b0111b6b-a047-4197-bfd0-748f2034f38f
at org.openqa.selenium.support.ui.WebDriverWait.timeoutException(WebDriverWait.java:84)
at org.openqa.selenium.support.ui.FluentWait.until(FluentWait.java:230)
at com.automation.base.BasePage.waitUntil(BasePage.java:37)
at com.automation.base.BasePage.waitForVisible(BasePage.java:41)
at com.automation.base.BasePage.click(BasePage.java:51)
at com.automation.pages.LoginPage.tapLogin(LoginPage.java:63)
at com.automation.pages.LoginPage.loginWithPhone(LoginPage.java:82)
at com.automation.tests.LoginTests.NegativeTest_LoginWithWrongCredential(LoginTests.java:212)
at java.base/jdk.internal.reflect.NativeMethodAccessorImpl.invoke0(Native Method)
at java.base/jdk.internal.reflect.NativeMethodAccessorImpl.invoke(NativeMethodAccessorImpl.java:77)
at java.base/jdk.internal.reflect.DelegatingMethodAccessorImpl.invoke(DelegatingMethodAccessorImpl.java:43)
at java.base/java.lang.reflect.Method.invoke(Method.java:568)
at org.testng.internal.invokers.MethodInvocationHelper.invokeMethod(MethodInvocationHelper.java:141)
at org.testng.internal.invokers.TestInvoker.invokeMethod(TestInvoker.java:687)
at org.testng.internal.invokers.TestInvoker.invokeTestMethod(TestInvoker.java:230)
at org.testng.internal.invokers.MethodRunner.runInSequence(MethodRunner.java:63)
at org.testng.internal.invokers.TestInvoker$MethodInvocationAgent.invoke(TestInvoker.java:995)
at org.testng.internal.invokers.TestInvoker.invokeTestMethods(TestInvoker.java:203)
at org.testng.internal.invokers.TestMethodWorker.invokeTestMethods(TestMethodWorker.java:154)
at org.testng.internal.invokers.TestMethodWorker.run(TestMethodWorker.java:134)
at java.base/java.util.ArrayList.forEach(ArrayList.java:1511)
at org.testng.TestRunner.privateRun(TestRunner.java:741)
at org.testng.TestRunner.run(TestRunner.java:616)
at org.testng.SuiteRunner.runTest(SuiteRunner.java:421)
at org.testng.SuiteRunner.runSequentially(SuiteRunner.java:413)
at org.testng.SuiteRunner.privateRun(SuiteRunner.java:373)
at org.testng.SuiteRunner.run(SuiteRunner.java:312)
at org.testng.SuiteRunnerWorker.runSuite(SuiteRunnerWorker.java:52)
at org.testng.SuiteRunnerWorker.run(SuiteRunnerWorker.java:95)
at org.testng.TestNG.runSuitesSequentially(TestNG.java:1274)
at org.testng.TestNG.runSuitesLocally(TestNG.java:1208)
at org.testng.TestNG.runSuites(TestNG.java:1112)
at org.testng.TestNG.run(TestNG.java:1079)
at org.testng.remote.AbstractRemoteTestNG.run(AbstractRemoteTestNG.java:115)
at org.testng.remote.RemoteTestNG.initAndRun(RemoteTestNG.java:293)
at org.testng.remote.RemoteTestNG.main(RemoteTestNG.java:91)
]]>
    </failure>
  </testcase> <!-- NegativeTest_LoginWithWrongCredential -->
  <testcase classname="com.automation.tests.LoginTests" name="NegativeTest_LoginWithValidPhoneAndEmptyPassword" time="0.0">
    <ignored/>
  </testcase> <!-- NegativeTest_LoginWithValidPhoneAndEmptyPassword -->
  <testcase classname="com.automation.tests.LoginTests" name="NegativeTest_LoginWithEmptyEmail" time="0.0">
    <ignored/>
  </testcase> <!-- NegativeTest_LoginWithEmptyEmail -->
  <testcase classname="com.automation.tests.LoginTests" name="NegativeTest_LoginWithInvalidPassword" time="0.0">
    <ignored/>
  </testcase> <!-- NegativeTest_LoginWithInvalidPassword -->
  <testcase classname="com.automation.tests.LoginTests" name="PositiveTest_LoginUsingPhone" time="0.0">
    <ignored/>
  </testcase> <!-- PositiveTest_LoginUsingPhone -->
  <testcase classname="com.automation.tests.LoginTests" name="PositiveTest_LoginUsingEmail" time="0.0">
    <ignored/>
  </testcase> <!-- PositiveTest_LoginUsingEmail -->
  <testcase classname="com.automation.tests.LoginTests" name="NegativeTest_LoginWithValidEmailAndEmptyPassword" time="0.0">
    <ignored/>
  </testcase> <!-- NegativeTest_LoginWithValidEmailAndEmptyPassword -->
  <testcase classname="com.automation.tests.LoginTests" name="NegativeTest_LoginWithEmptyPhone" time="0.0">
    <ignored/>
  </testcase> <!-- NegativeTest_LoginWithEmptyPhone -->
  <testcase classname="com.automation.tests.LoginTests" name="NegativeTest_LoginWithInvalidEmail" time="0.0">
    <ignored/>
  </testcase> <!-- NegativeTest_LoginWithInvalidEmail -->
  <testcase classname="com.automation.tests.LoginTests" name="NegativeTest_LoginWithInvalidPhone" time="0.0">
    <ignored/>
  </testcase> <!-- NegativeTest_LoginWithInvalidPhone -->
</testsuite> <!-- Default test -->
